Log file open, 03/21/15 05:27:16
LogInit:Display: Running engine for game: Runner
LogInit: Version: 4.7.3-2479750+++depot+UE4-Releases+4.7
LogInit: API Version: 2455222
LogInit: Compiled (64-bit): Mar 15 2015 23:20:45
LogInit: Compiled with Visual C++: 18.00.21005.01
LogInit: Build Configuration: Development
LogInit: Branch Name: ++depot+UE4-Releases+4.7
LogInit: Command line: 
LogInit: Base directory: C:/Program Files/Epic Games/4.7/Engine/Binaries/Win64/
LogInit: Rocket: 1
[2015.03.21-09.27.16:744][  0]LogTaskGraph: Started task graph with 3 named threads and 6 total threads.
[2015.03.21-09.27.16:797][  0]LogOnline:Warning: No default platform service specified for OnlineSubsystem
[2015.03.21-09.27.16:806][  0]LogInit: Presizing for 0 objects not considered by GC, pre-allocating 0 bytes.
[2015.03.21-09.27.16:814][  0]LogInit: Object subsystem initialized
[2015.03.21-09.27.16:815][  0]LogConsoleResponse:Warning: Skipping Unknown console variable: 'TranslucentSortAxis = (X=0.000000,Y=-1.000000,Z=0.000000)'
[2015.03.21-09.27.16:815][  0]LogConsoleResponse:Warning:   Found in ini file 'C:/Users/Doug/Documents/Unreal Projects/Runner 4.7/Saved/Config/Windows/Engine.ini', in section '[/Script/Engine.RendererSettings]'
[2015.03.21-09.27.16:815][  0]LogConsoleResponse:Warning: Skipping Unknown console variable: 'UIScaleRule = ShortestSide'
[2015.03.21-09.27.16:815][  0]LogConsoleResponse:Warning:   Found in ini file 'C:/Users/Doug/Documents/Unreal Projects/Runner 4.7/Saved/Config/Windows/Engine.ini', in section '[/Script/Engine.RendererSettings]'
[2015.03.21-09.27.16:815][  0]LogConsoleResponse:Warning: Skipping Unknown console variable: 'UIScaleCurve = (EditorCurveData=(Keys=),ExternalCurve=None)'
[2015.03.21-09.27.16:815][  0]LogConsoleResponse:Warning:   Found in ini file 'C:/Users/Doug/Documents/Unreal Projects/Runner 4.7/Saved/Config/Windows/Engine.ini', in section '[/Script/Engine.RendererSettings]'
[2015.03.21-09.27.16:815][  0]LogInit: Selected Device Profile: [Windows]
[2015.03.21-09.27.16:815][  0]LogInit: Applying CVar settings loaded from the selected device profile: [Windows]
[2015.03.21-09.27.16:820][  0]LogInit: Computer: DOUG
[2015.03.21-09.27.16:820][  0]LogInit: User: Doug
[2015.03.21-09.27.16:820][  0]LogInit: CPU Page size=4096, Cores=4
[2015.03.21-09.27.16:820][  0]LogInit: High frequency timer resolution =3.417985 MHz
[2015.03.21-09.27.16:820][  0]LogMemory: Memory total: Physical=8.0GB (8GB approx) Virtual=131072.0GB
[2015.03.21-09.27.16:820][  0]LogMemory: Platform Memory Stats for Windows
[2015.03.21-09.27.16:820][  0]LogMemory: Process Physical Memory: 45.81 MB used, 45.81 MB peak
[2015.03.21-09.27.16:820][  0]LogMemory: Process Virtual Memory: 22.36 MB used, 22.36 MB peak
[2015.03.21-09.27.16:820][  0]LogMemory: Physical Memory: 4209.60 MB used, 8143.87 MB total
[2015.03.21-09.27.16:820][  0]LogMemory: Virtual Memory: 282.91 MB used, 134217728.00 MB total
[2015.03.21-09.27.16:841][  0]LogD3D11RHI: Found D3D11 adapter 0: NVIDIA GeForce GTX 970 (Feature Level 11_0)
[2015.03.21-09.27.16:841][  0]LogD3D11RHI: Adapter has 3994MB of dedicated video memory, 0MB of dedicated system memory, and 4071MB of shared system memory, 1 output[s]
[2015.03.21-09.27.16:842][  0]LogD3D11RHI: Found D3D11 adapter 1: Microsoft Basic Render Driver (Feature Level 11_0)
[2015.03.21-09.27.16:842][  0]LogD3D11RHI: Adapter has 0MB of dedicated video memory, 0MB of dedicated system memory, and 256MB of shared system memory, 0 output[s]
[2015.03.21-09.27.16:842][  0]LogD3D11RHI: Chosen D3D11 Adapter Id = 0
[2015.03.21-09.27.16:844][  0]LogRHI: Texture pool is 1361 MB (70% of 1945 MB)
[2015.03.21-09.27.16:851][  0]LogD3D11RHI: Async texture creation enabled
[2015.03.21-09.27.16:906][  0]LogTextLocalizationManager: The requested culture ('en_US') has no localization data; parent culture's ('en') localization data will be used.
[2015.03.21-09.27.16:955][  0]LogTextLocalizationManager:Warning: Loading localization resources contain conflicting entries for (Namespace:UICommands, Key:Save_ToolTip):
Resource: (C:/Program Files/Epic Games/4.7/Engine/Content/Localization/Editor/en/Editor.locres) Hash: (-29098895) String: (Saves the current level to disk)
Resource: (C:/Program Files/Epic Games/4.7/Engine/Content/Localization/Engine/en/Engine.locres) Hash: (-1280300587) String: (Save selected data to vlog file)
[2015.03.21-09.27.16:955][  0]LogTextLocalizationManager:Warning: Loading localization resources contain conflicting entries for (Namespace:ContentBrowser, Key:ImportAssetToolTip):
Resource: (C:/Program Files/Epic Games/4.7/Engine/Content/Localization/Editor/en/Editor.locres) Hash: (-630476809) String: (Import to {0}...)
Resource: (C:/Program Files/Epic Games/4.7/Engine/Content/Localization/Editor/en/Editor.locres) Hash: (1271782899) String: (Imports an asset from file to this folder.)
[2015.03.21-09.27.17:018][  0]LogContentStreaming: Texture pool size is 0.000000MB
[2015.03.21-09.27.18:680][  0]LogTargetPlatformManager:Display: Building Assets For Windows
[2015.03.21-09.27.19:071][  0]LogTargetPlatformManager:Display: Building Assets For Windows
[2015.03.21-09.27.19:119][  0]LogDerivedDataCache:Display: Max Cache Size: 512 MB
[2015.03.21-09.27.19:150][  0]LogDerivedDataCache: Loaded boot cache 0.03s 39MB C:/Users/Doug/AppData/Local/UnrealEngine/4.7/DerivedDataCache/Boot.ddc.
[2015.03.21-09.27.19:150][  0]LogDerivedDataCache:Display: Loaded Boot cache: C:/Users/Doug/AppData/Local/UnrealEngine/4.7/DerivedDataCache/Boot.ddc
[2015.03.21-09.27.19:150][  0]LogDerivedDataCache: FDerivedDataBackendGraph:  Pak pak cache file ../../../../../../Users/Doug/Documents/Unreal Projects/Runner 4.7/DerivedDataCache/DDC.ddp not found, will not use a pak cache.
[2015.03.21-09.27.19:150][  0]LogDerivedDataCache: Unable to find inner node Pak for hierarchical cache Hierarchy.
[2015.03.21-09.27.19:241][  0]LogDerivedDataCache:Display: Pak cache opened for reading ../../../Engine/DerivedDataCache/Compressed.ddp.
[2015.03.21-09.27.19:253][  0]LogDerivedDataCache: Using Local data cache path C:/Users/Doug/AppData/Local/UnrealEngine/Common/DerivedDataCache: Writable
[2015.03.21-09.27.19:462][  0]LogMeshUtilities: No automatic mesh reduction module available
[2015.03.21-09.27.19:462][  0]LogMeshUtilities: No automatic mesh merging module available
[2015.03.21-09.27.19:731][  0]LogInit: WinSock: version 1.1 (2.2), MaxSocks=32767, MaxUdp=65467
[2015.03.21-09.27.19:788][  0]LogSlate:Warning: Failed to load font data from '../../../Engine/Content/Slate/Fonts/Roboto-Italic.ttf'
[2015.03.21-09.27.20:374][  0]UdpMessaging: Initializing bridge on interface 0.0.0.0:0 to multicast group 230.0.0.1:6666.
[2015.03.21-09.27.20:578][  0]SourceControl: Info Source control is disabled
[2015.03.21-09.27.20:578][  0]SourceControl: Info Source control is disabled
[2015.03.21-09.27.20:578][  0]SourceControl: Info Source control is disabled
[2015.03.21-09.27.20:585][  0]LogSourceControl: RunCommandInternalRaw: 'git version'
[2015.03.21-09.27.20:590][  0]LogSourceControl: RunCommandInternalRaw: ExecProcess ReturnCode=0 OutResults='git version 1.9.5.msysgit.1
'
[2015.03.21-09.27.20:725][  0]LogObj: 24231 objects as part of root set at end of initial load.
[2015.03.21-09.27.20:725][  0]LogUObjectAllocator: 5136440 out of 0 bytes used by permanent object pool.
[2015.03.21-09.27.20:789][  0]LogEngine: Initializing Engine...
[2015.03.21-09.27.22:937][  0]LogInit: XAudio2 using 'Headphones (2- High Definition Audio Device)' : 2 channels at 44.1 kHz using 16 bits per sample (channel mask 0x3)
[2015.03.21-09.27.22:942][  0]LogInit: FAudioDevice initialized.
[2015.03.21-09.27.22:970][  0]LogAIModule: Creating AISystem for world NewWorld
[2015.03.21-09.27.22:986][  0]LogDerivedDataCache: Saved boot cache 0.02s 39MB C:/Users/Doug/AppData/Local/UnrealEngine/4.7/DerivedDataCache/Boot.ddc.
[2015.03.21-09.27.22:990][  0]LogInit: Texture streaming: Enabled
[2015.03.21-09.27.23:056][  0]LogAnalytics: Creating configured Analytics provider AnalyticsET
[2015.03.21-09.27.23:056][  0]LogAnalytics: ET APIKey = Rocket.Release. APIServer = http://et2.epicgames.com/ET2/. AppVersion = 4.7.3-2479750+++depot+UE4-Releases+4.7
[2015.03.21-09.27.23:056][  0]LogAnalytics: ET APIKey = Rocket.Release. DataRouterUploadURL = https://datarouter-public-service-gamedev.ol.epicgames.net/datarouter/api/v1/public/data. AppVersion = 4.7.3-2479750+++depot+UE4-Releases+4.7
[2015.03.21-09.27.23:056][  0]LogAnalytics: SetUserId 6e41ae404b198136f98586aac20a938f|e4588fc4b9c940e88bc871dae851160f|50fdd91c-8532-445f-ab5d-6dd9749cde8d
[2015.03.21-09.27.23:056][  0]LogAnalytics: AnalyticsET::StartSession [Rocket.Release]
[2015.03.21-09.27.23:071][  0]LogInit: Transaction tracking system initialized
[2015.03.21-09.27.23:197][  0]BlueprintLog: New page: Editor Load
[2015.03.21-09.27.23:226][  0]LogAssetRegistry: FAssetRegistry took 0.0108 seconds to start up
[2015.03.21-09.27.23:226][  0]LogDirectoryWatcher:Warning: Failed to begin reading directory changes for ../../../Engine/Plugins/Experimental/CharacterAI/Content/. Error: 0
[2015.03.21-09.27.23:627][  0]LogTargetPlatformManager:Display: Building Assets For Windows
[2015.03.21-09.27.23:903][  0]LogTargetPlatformManager:Display: Building Assets For Windows
[2015.03.21-09.27.24:098][  0]LogSlate:Warning: Failed to load font data from '../../../Engine/Content/Editor/Slate/Fonts/Roboto-Regular.ttf'
[2015.03.21-09.27.24:098][  0]LogSlate:Warning: Failed to load font data from '../../../Engine/Content/Editor/Slate/Fonts/Roboto-Bold.ttf'
[2015.03.21-09.27.24:101][  0]LogConsoleResponse:Display: 
[2015.03.21-09.27.24:192][  0]LogCook:Display: Done creating registry. It took  0.00s.
[2015.03.21-09.27.24:298][  0]LogSourceControl: RunCommandInternalRaw: 'git version'
[2015.03.21-09.27.24:303][  0]LogSourceControl: RunCommandInternalRaw: ExecProcess ReturnCode=0 OutResults='git version 1.9.5.msysgit.1
'
[2015.03.21-09.27.34:578][  0]LogSourceControl: RunCommandInternalRaw: 'git status --porcelain --ignored "C:/Users/Doug/Documents/Unreal Projects/Runner 4.7/Content/ThirdPersonBP/Blueprints/RunGameMode.uasset"'
[2015.03.21-09.27.34:586][  0]LogSourceControl: RunCommandInternalRaw: ExecProcess ReturnCode=0 OutResults='?? Content/ThirdPersonBP/Blueprints/RunGameMode.uasset
'
[2015.03.21-09.27.34:586][  0]LogSourceControl: RunCommandInternalRaw: 'git status --porcelain --ignored "C:/Users/Doug/Documents/Unreal Projects/Runner 4.7/Content/Nay.umap"'
[2015.03.21-09.27.34:598][  0]LogSourceControl: RunCommandInternalRaw: ExecProcess ReturnCode=0 OutResults='?? Content/Nay.umap
'
[2015.03.21-09.27.36:935][  0]Cmd: MAP LOAD FILE="../../../../../../Users/Doug/Documents/Unreal Projects/Runner 4.7/Content/ThirdPersonBP/Maps/ThirdPersonExampleMap.umap" TEMPLATE=0 SHOWPROGRESS=1 FEATURELEVEL=3
[2015.03.21-09.27.36:935][  0]LightingResults: New page: Lighting Build
[2015.03.21-09.27.36:947][  0]MapCheck: New page: Map Check
[2015.03.21-09.27.36:947][  0]LightingResults: New page: Lighting Build
[2015.03.21-09.27.36:956][  0]LogParticles: Destroying 0 GPU particle simulations for FXSystem 0x000000E654E56980
[2015.03.21-09.27.36:959][  0]LogLinker:Warning: Asset '../../../../../../Users/Doug/Documents/Unreal Projects/Runner 4.7/Content/ThirdPersonBP/Blueprints/ThirdPersonCharacter.uasset' has been saved with empty engine version. The asset will be loaded but may be incompatible.
[2015.03.21-09.27.36:959][  0]LogLinker:Warning: Asset '../../../../../../Users/Doug/Documents/Unreal Projects/Runner 4.7/Content/ThirdPersonBP/Blueprints/RunCharacter.uasset' has been saved with empty engine version. The asset will be loaded but may be incompatible.
[2015.03.21-09.27.36:965][  0]LogLinker:Warning: Asset '../../../Engine/Content/EngineMeshes/Humanoid.uasset' has been saved with empty engine version. The asset will be loaded but may be incompatible.
[2015.03.21-09.27.37:728][  0]LogLinker:Warning: Asset '../../../../../../Users/Doug/Documents/Unreal Projects/Runner 4.7/Content/ThirdPersonBP/Blueprints/ThirdPersonGameMode.uasset' has been saved with empty engine version. The asset will be loaded but may be incompatible.
[2015.03.21-09.27.37:730][  0]LogLinker:Warning: Asset '../../../../../../Users/Doug/Documents/Unreal Projects/Runner 4.7/Content/ThirdPersonBP/Blueprints/BP_FloorTile.uasset' has been saved with empty engine version. The asset will be loaded but may be incompatible.
[2015.03.21-09.27.37:732][  0]LogLinker:Warning: Asset '../../../../../../Users/Doug/Documents/Unreal Projects/Runner 4.7/Content/ThirdPersonBP/Blueprints/BP_Blocker.uasset' has been saved with empty engine version. The asset will be loaded but may be incompatible.
[2015.03.21-09.27.38:117][  0]LogEditorServer: Finished looking for orphan Actors (0.000 secs)
[2015.03.21-09.27.38:964][  0]LogAIModule: Creating AISystem for world ThirdPersonExampleMap
[2015.03.21-09.27.38:965][  0]Cmd: MAP CHECKDEP
[2015.03.21-09.27.38:965][  0]MapCheck: New page: ThirdPersonExampleMap - Mar 21, 2015, 1:27:38 AM
[2015.03.21-09.27.39:038][  0]MapCheck: Info Map check complete: 0 Error(s), 0 Warning(s), took 72.741ms to complete.
[2015.03.21-09.27.39:038][  0]LogFileHelpers: Loading map 'ThirdPersonExampleMap' took 2.103
[2015.03.21-09.27.39:099][  0]LogStats:Warning: MetaData mismatch. Did you assign a stat to two groups? New //STATGROUP_Threads//SplashScreenThread///Thread_3e68_0///////STATCAT_Advanced//// old //STATGROUP_Threads//SplashScreenThread///Thread_4d00_0///////STATCAT_Advanced////
[2015.03.21-09.27.39:099][  0]LogSourceControl: RunCommandInternalRaw: 'git status'
[2015.03.21-09.27.39:099][  0]LogSourceControl: RunCommandInternalRaw: ExecProcess ReturnCode=0 OutResults='On branch master

Initial commit

Untracked files:
  (use "git add <file>..." to include in what will be committed)

	Build/
	Config/
	Content/
	DerivedDataCache/
	Intermediate/
	Runner.uproject
	Saved/

nothing added to commit but untracked files present (use "git add" to track)
'
[2015.03.21-09.27.39:099][  0]LogSourceControl: RunCommandInternalRaw: 'git symbolic-ref --short HEAD'
[2015.03.21-09.27.39:099][  0]LogSourceControl: RunCommandInternalRaw: ExecProcess ReturnCode=0 OutResults='master
'
[2015.03.21-09.27.39:099][  0]LogCollectionManager: Loaded 0 collections in 0.001351 seconds
[2015.03.21-09.27.39:107][  0]LogContentBrowser: Native class hierarchy populated in 0.0077 seconds. Added 1696 classes and 261 folders.
[2015.03.21-09.27.39:130][  0]LogContentBrowser: Native class hierarchy updated for 'SceneOutliner' in 0.0015 seconds. Added 1 classes and 2 folders.
[2015.03.21-09.27.39:165][  0]LogCrashTracker: Crashtracker disabled due to settings.
[2015.03.21-09.27.39:166][  0]LogSlate:Warning: Failed to load font data from 'Veranda'
[2015.03.21-09.27.39:170][  0]LogUObjectGlobals:Warning: Failed to find object 'Class None.'
[2015.03.21-09.27.39:194][  0]LogLoad: Full Startup: 24.07 seconds (BP compile: 0.41 seconds)
[2015.03.21-09.27.39:227][  0]LogContentBrowser:Verbose: The content browser source was changed by the sources view to '/Game/ThirdPersonBP/Blueprints'
[2015.03.21-09.27.39:266][  0]SourceControl: Info master
[2015.03.21-09.27.39:316][  0]LogRenderer:Warning: Reallocating scene render targets to support 32x32 (Frame:2).
[2015.03.21-09.27.39:394][  1]LogRenderer:Warning: Reallocating scene render targets to support 888x376 (Frame:4).
[2015.03.21-09.27.39:469][  3]LogAssetRegistry: Asset discovery search completed in 16.2536 seconds
[2015.03.21-09.27.40:313][ 73]LogSourceControl: RunCommandInternalRaw: 'git status --porcelain --ignored "C:/Users/Doug/Documents/Unreal Projects/Runner 4.7/Content/ThirdPersonBP/Blueprints/BP_Blocker.uasset" "C:/Users/Doug/Documents/Unreal Projects/Runner 4.7/Content/ThirdPersonBP/Blueprints/BP_FloorTile.uasset" "C:/Users/Doug/Documents/Unreal Projects/Runner 4.7/Content/ThirdPersonBP/Blueprints/RunCharacter.uasset" "C:/Users/Doug/Documents/Unreal Projects/Runner 4.7/Content/ThirdPersonBP/Blueprints/RunGameMode.uasset"'
[2015.03.21-09.27.40:321][ 74]LogSourceControl: RunCommandInternalRaw: ExecProcess ReturnCode=0 OutResults='?? Content/ThirdPersonBP/Blueprints/BP_Blocker.uasset
?? Content/ThirdPersonBP/Blueprints/BP_FloorTile.uasset
?? Content/ThirdPersonBP/Blueprints/RunCharacter.uasset
?? Content/ThirdPersonBP/Blueprints/RunGameMode.uasset
'
[2015.03.21-09.31.31:778][905]LogRenderer:Warning: Reallocating scene render targets to support 1320x576 (Frame:240).
[2015.03.21-09.31.48:779][583]Cmd: MAP LOAD FILE="../../../Engine/Content/Maps/Templates/Template_Default.umap" TEMPLATE=1 SHOWPROGRESS=1 FEATURELEVEL=3
[2015.03.21-09.31.48:831][583]LightingResults: New page: Lighting Build
[2015.03.21-09.31.48:862][583]LoadErrors: New page: Loading map: Template_Default.umap
[2015.03.21-09.31.48:944][583]MapCheck: New page: Map Check
[2015.03.21-09.31.48:944][583]LightingResults: New page: Lighting Build
[2015.03.21-09.31.48:944][583]LogActorComponent: UnregisterComponent: (/Engine/Transient.CharMoveComp) Not registered. Aborting.
[2015.03.21-09.31.48:964][583]LogParticles: Destroying 0 GPU particle simulations for FXSystem 0x000000E64E346520
[2015.03.21-09.31.49:070][583]LogEditorServer: Finished looking for orphan Actors (0.000 secs)
[2015.03.21-09.31.49:073][583]LogAIModule: Creating AISystem for world Untitled_1
[2015.03.21-09.31.49:077][583]Cmd: MAP CHECKDEP
[2015.03.21-09.31.49:078][583]MapCheck: New page: Untitled_1 - Mar 21, 2015, 1:31:49 AM
[2015.03.21-09.31.49:152][583]MapCheck: Info Map check complete: 0 Error(s), 0 Warning(s), took 74.676ms to complete.
[2015.03.21-09.31.49:152][583]LogFileHelpers: Loading map 'Template_Default' took 0.375
[2015.03.21-09.31.50:834][782]LogEditorViewport: Clicking on Actor (LMB): StaticMeshActor (Floor)
[2015.03.21-09.31.51:912][907]Cmd: DELETE
[2015.03.21-09.31.51:912][907]Cmd: ACTOR DELETE
[2015.03.21-09.31.51:913][907]LogEditorActor: Deleted Actor: StaticMeshActor
[2015.03.21-09.31.51:913][907]LogActorComponent: UnregisterComponent: (/Engine/Transient.CharMoveComp) Not registered. Aborting.
[2015.03.21-09.31.51:928][907]LogEditorActor: Deleted 1 Actors (0.016 secs)
[2015.03.21-09.31.58:380][654]LogSlate:Warning: Prevented a slow task dialog from being summoned while a context menu was open
[2015.03.21-09.32.00:444][655]Cmd: UpdateLandscapeSetup
[2015.03.21-09.32.01:331][759]LogSlate:Warning: Prevented a slow task dialog from being summoned while a context menu was open
[2015.03.21-09.32.02:177][845]Cmd: UpdateLandscapeSetup
[2015.03.21-09.32.03:836][ 41]LogPlayLevel: PIE:  No blueprints needed recompiling
[2015.03.21-09.32.03:836][ 41]PIE: New page: PIE session: Untitled_1 (Mar 21, 2015, 1:32:03 AM)
[2015.03.21-09.32.03:838][ 41]LogPlayLevel: PIE: StaticDuplicateObject took: (0.000961s)
[2015.03.21-09.32.03:838][ 41]LogPlayLevel: PIE: World Init took: (0.000425s)
[2015.03.21-09.32.03:838][ 41]LogPlayLevel: PIE: Created PIE world by copying editor world from /Temp/Untitled_1.Untitled_1 to /Temp/UEDPIE_0_Untitled_1.Untitled_1 (0.001562s)
[2015.03.21-09.32.03:893][ 41]LogWorld: Game class is 'RunGameMode_C'
[2015.03.21-09.32.03:894][ 41]LogAIModule: Creating AISystem for world Untitled_1
[2015.03.21-09.32.03:896][ 41]LogWorld: Bringing World /Temp/UEDPIE_0_Untitled_1.Untitled_1 up for play (max tick rate 0) at 2015.03.21-05.32.03
[2015.03.21-09.32.03:896][ 41]LogWorld: Bringing up level for play took: 0.001502
[2015.03.21-09.32.03:904][ 41]PIE: Info Play in editor start time for /Temp/UEDPIE_0_Untitled_1 -0.62
[2015.03.21-09.32.04:712][136]LogAudio:Warning: Detected orphaned looping sound 'Fire01'.
[2015.03.21-09.32.04:712][136]LogAudio:Warning: Detected orphaned looping sound 'Fire01'.
[2015.03.21-09.32.04:721][137]LogAudio:Warning: Detected orphaned looping sound 'Fire01'.
[2015.03.21-09.32.04:721][137]LogAudio:Warning: Detected orphaned looping sound 'Fire01'.
[2015.03.21-09.32.04:731][138]LogAudio:Warning: Detected orphaned looping sound 'Fire01'.
[2015.03.21-09.32.04:731][138]LogAudio:Warning: Detected orphaned looping sound 'Fire01'.
[2015.03.21-09.32.06:709][374]Cmd: RestartLevel
[2015.03.21-09.32.06:716][375]LogNet: Browse: /Temp/Untitled_1?restart
[2015.03.21-09.32.06:717][375]LogLoad: LoadMap: /Temp/Untitled_1
[2015.03.21-09.32.06:750][375]LogParticles: Destroying 0 GPU particle simulations for FXSystem 0x000000E679012DE0
[2015.03.21-09.32.06:768][375]Cmd: MEM
[2015.03.21-09.32.06:784][375]LogMemory: Platform Memory Stats for Windows
[2015.03.21-09.32.06:784][375]LogMemory: Process Physical Memory: 969.60 MB used, 1347.09 MB peak
[2015.03.21-09.32.06:784][375]LogMemory: Process Virtual Memory: 865.55 MB used, 1261.18 MB peak
[2015.03.21-09.32.06:784][375]LogMemory: Physical Memory: 5041.08 MB used, 8143.87 MB total
[2015.03.21-09.32.06:784][375]LogMemory: Virtual Memory: 1405.73 MB used, 134217728.00 MB total
[2015.03.21-09.32.06:784][375]LogMemory: 
[2015.03.21-09.32.06:784][375]Allocator Stats for TBB: (not implemented)
[2015.03.21-09.32.06:786][375]LogPlayLevel: PIE: StaticDuplicateObject took: (0.001148s)
[2015.03.21-09.32.06:787][375]LogPlayLevel: PIE: World Init took: (0.000506s)
[2015.03.21-09.32.06:787][375]LogPlayLevel: PIE: Created PIE world by copying editor world from /Temp/Untitled_1.Untitled_1 to /Temp/UEDPIE_0_Untitled_1.Untitled_1 (0.001817s)
[2015.03.21-09.32.06:787][375]LogWorld: Game class is 'RunGameMode_C'
[2015.03.21-09.32.06:788][375]LogAIModule: Creating AISystem for world Untitled_1
[2015.03.21-09.32.06:790][375]LogWorld: Bringing World /Temp/UEDPIE_0_Untitled_1.Untitled_1 up for play (max tick rate 0) at 2015.03.21-05.32.06
[2015.03.21-09.32.06:790][375]LogWorld: Bringing up level for play took: 0.001471
[2015.03.21-09.32.07:620][473]LogAudio:Warning: Detected orphaned looping sound 'Fire01'.
[2015.03.21-09.32.07:620][473]LogAudio:Warning: Detected orphaned looping sound 'Fire01'.
[2015.03.21-09.32.07:629][474]LogAudio:Warning: Detected orphaned looping sound 'Fire01'.
[2015.03.21-09.32.07:629][474]LogAudio:Warning: Detected orphaned looping sound 'Fire01'.
[2015.03.21-09.32.07:637][475]LogAudio:Warning: Detected orphaned looping sound 'Fire01'.
[2015.03.21-09.32.07:637][475]LogAudio:Warning: Detected orphaned looping sound 'Fire01'.
[2015.03.21-09.32.09:612][712]Cmd: RestartLevel
[2015.03.21-09.32.09:620][713]LogNet: Browse: /Temp/Untitled_1?restart
[2015.03.21-09.32.09:620][713]LogLoad: LoadMap: /Temp/Untitled_1
[2015.03.21-09.32.09:638][713]LogParticles: Destroying 0 GPU particle simulations for FXSystem 0x000000E677A7D940
[2015.03.21-09.32.09:641][713]Cmd: MEM
[2015.03.21-09.32.09:658][713]LogMemory: Platform Memory Stats for Windows
[2015.03.21-09.32.09:658][713]LogMemory: Process Physical Memory: 971.88 MB used, 1347.09 MB peak
[2015.03.21-09.32.09:658][713]LogMemory: Process Virtual Memory: 866.70 MB used, 1261.18 MB peak
[2015.03.21-09.32.09:658][713]LogMemory: Physical Memory: 5041.08 MB used, 8143.87 MB total
[2015.03.21-09.32.09:658][713]LogMemory: Virtual Memory: 1415.38 MB used, 134217728.00 MB total
[2015.03.21-09.32.09:658][713]LogMemory: 
[2015.03.21-09.32.09:658][713]Allocator Stats for TBB: (not implemented)
[2015.03.21-09.32.09:659][713]LogPlayLevel: PIE: StaticDuplicateObject took: (0.001219s)
[2015.03.21-09.32.09:660][713]LogPlayLevel: PIE: World Init took: (0.000482s)
[2015.03.21-09.32.09:660][713]LogPlayLevel: PIE: Created PIE world by copying editor world from /Temp/Untitled_1.Untitled_1 to /Temp/UEDPIE_0_Untitled_1.Untitled_1 (0.001829s)
[2015.03.21-09.32.09:660][713]LogWorld: Game class is 'RunGameMode_C'
[2015.03.21-09.32.09:661][713]LogAIModule: Creating AISystem for world Untitled_1
[2015.03.21-09.32.09:663][713]LogWorld: Bringing World /Temp/UEDPIE_0_Untitled_1.Untitled_1 up for play (max tick rate 0) at 2015.03.21-05.32.09
[2015.03.21-09.32.09:663][713]LogWorld: Bringing up level for play took: 0.001497
[2015.03.21-09.32.19:045][837]LogAudio:Warning: Detected orphaned looping sound 'Fire01'.
[2015.03.21-09.32.19:045][837]LogAudio:Warning: Detected orphaned looping sound 'Fire01'.
[2015.03.21-09.32.19:054][838]LogAudio:Warning: Detected orphaned looping sound 'Fire01'.
[2015.03.21-09.32.19:054][838]LogAudio:Warning: Detected orphaned looping sound 'Fire01'.
[2015.03.21-09.32.21:037][ 76]Cmd: RestartLevel
[2015.03.21-09.32.21:045][ 77]LogNet: Browse: /Temp/Untitled_1?restart
[2015.03.21-09.32.21:045][ 77]LogLoad: LoadMap: /Temp/Untitled_1
[2015.03.21-09.32.21:063][ 77]LogParticles: Destroying 0 GPU particle simulations for FXSystem 0x000000E678F8DC60
[2015.03.21-09.32.21:067][ 77]Cmd: MEM
[2015.03.21-09.32.21:084][ 77]LogMemory: Platform Memory Stats for Windows
[2015.03.21-09.32.21:084][ 77]LogMemory: Process Physical Memory: 972.22 MB used, 1347.09 MB peak
[2015.03.21-09.32.21:084][ 77]LogMemory: Process Virtual Memory: 865.94 MB used, 1261.18 MB peak
[2015.03.21-09.32.21:084][ 77]LogMemory: Physical Memory: 5039.48 MB used, 8143.87 MB total
[2015.03.21-09.32.21:084][ 77]LogMemory: Virtual Memory: 1415.38 MB used, 134217728.00 MB total
[2015.03.21-09.32.21:084][ 77]LogMemory: 
[2015.03.21-09.32.21:084][ 77]Allocator Stats for TBB: (not implemented)
[2015.03.21-09.32.21:086][ 77]LogPlayLevel: PIE: StaticDuplicateObject took: (0.001096s)
[2015.03.21-09.32.21:086][ 77]LogPlayLevel: PIE: World Init took: (0.000415s)
[2015.03.21-09.32.21:086][ 77]LogPlayLevel: PIE: Created PIE world by copying editor world from /Temp/Untitled_1.Untitled_1 to /Temp/UEDPIE_0_Untitled_1.Untitled_1 (0.001634s)
[2015.03.21-09.32.21:086][ 77]LogWorld: Game class is 'RunGameMode_C'
[2015.03.21-09.32.21:087][ 77]LogAIModule: Creating AISystem for world Untitled_1
[2015.03.21-09.32.21:089][ 77]LogWorld: Bringing World /Temp/UEDPIE_0_Untitled_1.Untitled_1 up for play (max tick rate 0) at 2015.03.21-05.32.21
[2015.03.21-09.32.21:089][ 77]LogWorld: Bringing up level for play took: 0.001452
[2015.03.21-09.32.34:262][654]LogAudio:Warning: Detected orphaned looping sound 'Fire01'.
[2015.03.21-09.32.36:255][893]Cmd: RestartLevel
[2015.03.21-09.32.36:263][894]LogNet: Browse: /Temp/Untitled_1?restart
[2015.03.21-09.32.36:263][894]LogLoad: LoadMap: /Temp/Untitled_1
[2015.03.21-09.32.36:281][894]LogParticles: Destroying 0 GPU particle simulations for FXSystem 0x000000E60C7C2F20
[2015.03.21-09.32.36:285][894]Cmd: MEM
[2015.03.21-09.32.36:302][894]LogMemory: Platform Memory Stats for Windows
[2015.03.21-09.32.36:302][894]LogMemory: Process Physical Memory: 971.10 MB used, 1347.09 MB peak
[2015.03.21-09.32.36:302][894]LogMemory: Process Virtual Memory: 864.78 MB used, 1261.18 MB peak
[2015.03.21-09.32.36:302][894]LogMemory: Physical Memory: 5037.78 MB used, 8143.87 MB total
[2015.03.21-09.32.36:302][894]LogMemory: Virtual Memory: 1420.20 MB used, 134217728.00 MB total
[2015.03.21-09.32.36:302][894]LogMemory: 
[2015.03.21-09.32.36:302][894]Allocator Stats for TBB: (not implemented)
[2015.03.21-09.32.36:303][894]LogPlayLevel: PIE: StaticDuplicateObject took: (0.001021s)
[2015.03.21-09.32.36:304][894]LogPlayLevel: PIE: World Init took: (0.000466s)
[2015.03.21-09.32.36:304][894]LogPlayLevel: PIE: Created PIE world by copying editor world from /Temp/Untitled_1.Untitled_1 to /Temp/UEDPIE_0_Untitled_1.Untitled_1 (0.001611s)
[2015.03.21-09.32.36:304][894]LogWorld: Game class is 'RunGameMode_C'
[2015.03.21-09.32.36:305][894]LogAIModule: Creating AISystem for world Untitled_1
[2015.03.21-09.32.36:307][894]LogWorld: Bringing World /Temp/UEDPIE_0_Untitled_1.Untitled_1 up for play (max tick rate 0) at 2015.03.21-05.32.36
[2015.03.21-09.32.36:307][894]LogWorld: Bringing up level for play took: 0.001510
[2015.03.21-09.32.37:175][996]LogAudio:Warning: Detected orphaned looping sound 'Fire01'.
[2015.03.21-09.32.37:175][996]LogAudio:Warning: Detected orphaned looping sound 'Fire01'.
[2015.03.21-09.32.38:861][192]LogParticles: Destroying 0 GPU particle simulations for FXSystem 0x000000E60C7C3BA0
[2015.03.21-09.41.28:305][942]LogEditorViewport: Clicking on Actor (LMB): BP_Sky_Sphere_C (Sky Sphere)
[2015.03.21-09.42.23:502][289]LogActorComponent: UnregisterComponent: (/Engine/Transient.CharMoveComp) Not registered. Aborting.
[2015.03.21-09.42.23:585][289]LogSavePackage: Save=12.970800ms
[2015.03.21-09.42.23:585][289]LogSavePackage: Moving '../../../../../../Users/Doug/Documents/Unreal Projects/Runner 4.7/Saved/Untitled_1_Auto1037F35884DBE69F8F0CEE68124D772CE.tmp' to '../../../../../../Users/Doug/Documents/Unreal Projects/Runner 4.7/Saved/Aut