Log file open, 03/21/15 05:04:31
LogInit:Display: Running engine for game: Runner
LogInit: Version: 4.7.3-2479750+++depot+UE4-Releases+4.7
LogInit: API Version: 2455222
LogInit: Compiled (64-bit): Mar 15 2015 23:20:45
LogInit: Compiled with Visual C++: 18.00.21005.01
LogInit: Build Configuration: Development
LogInit: Branch Name: ++depot+UE4-Releases+4.7
LogInit: Command line:  
LogInit: Base directory: C:/Program Files/Epic Games/4.7/Engine/Binaries/Win64/
LogInit: Rocket: 1
[2015.03.21-09.04.31:748][  0]LogTaskGraph: Started task graph with 3 named threads and 6 total threads.
[2015.03.21-09.04.31:820][  0]LogOnline:Warning: No default platform service specified for OnlineSubsystem
[2015.03.21-09.04.31:840][  0]LogInit: Presizing for 0 objects not considered by GC, pre-allocating 0 bytes.
[2015.03.21-09.04.31:849][  0]LogInit: Object subsystem initialized
[2015.03.21-09.04.31:850][  0]LogConsoleResponse:Warning: Skipping Unknown console variable: 'TranslucentSortAxis = (X=0.000000,Y=-1.000000,Z=0.000000)'
[2015.03.21-09.04.31:850][  0]LogConsoleResponse:Warning:   Found in ini file 'C:/Users/Doug/Documents/Unreal Projects/Runner 4.7/Saved/Config/Windows/Engine.ini', in section '[/Script/Engine.RendererSettings]'
[2015.03.21-09.04.31:850][  0]LogConsoleResponse:Warning: Skipping Unknown console variable: 'UIScaleRule = ShortestSide'
[2015.03.21-09.04.31:850][  0]LogConsoleResponse:Warning:   Found in ini file 'C:/Users/Doug/Documents/Unreal Projects/Runner 4.7/Saved/Config/Windows/Engine.ini', in section '[/Script/Engine.RendererSettings]'
[2015.03.21-09.04.31:850][  0]LogConsoleResponse:Warning: Skipping Unknown console variable: 'UIScaleCurve = (EditorCurveData=(Keys=),ExternalCurve=None)'
[2015.03.21-09.04.31:850][  0]LogConsoleResponse:Warning:   Found in ini file 'C:/Users/Doug/Documents/Unreal Projects/Runner 4.7/Saved/Config/Windows/Engine.ini', in section '[/Script/Engine.RendererSettings]'
[2015.03.21-09.04.31:851][  0]LogInit: Selected Device Profile: [Windows]
[2015.03.21-09.04.31:851][  0]LogInit: Applying CVar settings loaded from the selected device profile: [Windows]
[2015.03.21-09.04.31:856][  0]LogInit: Computer: DOUG
[2015.03.21-09.04.31:856][  0]LogInit: User: Doug
[2015.03.21-09.04.31:856][  0]LogInit: CPU Page size=4096, Cores=4
[2015.03.21-09.04.31:856][  0]LogInit: High frequency timer resolution =3.417985 MHz
[2015.03.21-09.04.31:856][  0]LogMemory: Memory total: Physical=8.0GB (8GB approx) Virtual=131072.0GB
[2015.03.21-09.04.31:856][  0]LogMemory: Platform Memory Stats for Windows
[2015.03.21-09.04.31:856][  0]LogMemory: Process Physical Memory: 45.82 MB used, 45.82 MB peak
[2015.03.21-09.04.31:856][  0]LogMemory: Process Virtual Memory: 22.35 MB used, 22.36 MB peak
[2015.03.21-09.04.31:856][  0]LogMemory: Physical Memory: 4686.36 MB used, 8143.87 MB total
[2015.03.21-09.04.31:856][  0]LogMemory: Virtual Memory: 282.91 MB used, 134217728.00 MB total
[2015.03.21-09.04.31:880][  0]LogD3D11RHI: Found D3D11 adapter 0: NVIDIA GeForce GTX 970 (Feature Level 11_0)
[2015.03.21-09.04.31:880][  0]LogD3D11RHI: Adapter has 3994MB of dedicated video memory, 0MB of dedicated system memory, and 4071MB of shared system memory, 1 output[s]
[2015.03.21-09.04.31:881][  0]LogD3D11RHI: Found D3D11 adapter 1: Microsoft Basic Render Driver (Feature Level 11_0)
[2015.03.21-09.04.31:881][  0]LogD3D11RHI: Adapter has 0MB of dedicated video memory, 0MB of dedicated system memory, and 256MB of shared system memory, 0 output[s]
[2015.03.21-09.04.31:881][  0]LogD3D11RHI: Chosen D3D11 Adapter Id = 0
[2015.03.21-09.04.31:885][  0]LogRHI: Texture pool is 1361 MB (70% of 1945 MB)
[2015.03.21-09.04.31:892][  0]LogD3D11RHI: Async texture creation enabled
[2015.03.21-09.04.31:960][  0]LogTextLocalizationManager: The requested culture ('en_US') has no localization data; parent culture's ('en') localization data will be used.
[2015.03.21-09.04.32:004][  0]LogTextLocalizationManager:Warning: Loading localization resources contain conflicting entries for (Namespace:UICommands, Key:Save_ToolTip):
Resource: (C:/Program Files/Epic Games/4.7/Engine/Content/Localization/Editor/en/Editor.locres) Hash: (-29098895) String: (Saves the current level to disk)
Resource: (C:/Program Files/Epic Games/4.7/Engine/Content/Localization/Engine/en/Engine.locres) Hash: (-1280300587) String: (Save selected data to vlog file)
[2015.03.21-09.04.32:004][  0]LogTextLocalizationManager:Warning: Loading localization resources contain conflicting entries for (Namespace:ContentBrowser, Key:ImportAssetToolTip):
Resource: (C:/Program Files/Epic Games/4.7/Engine/Content/Localization/Editor/en/Editor.locres) Hash: (-630476809) String: (Import to {0}...)
Resource: (C:/Program Files/Epic Games/4.7/Engine/Content/Localization/Editor/en/Editor.locres) Hash: (1271782899) String: (Imports an asset from file to this folder.)
[2015.03.21-09.04.32:067][  0]LogContentStreaming: Texture pool size is 0.000000MB
[2015.03.21-09.04.33:807][  0]LogTargetPlatformManager:Display: Building Assets For Windows
[2015.03.21-09.04.34:198][  0]LogTargetPlatformManager:Display: Building Assets For Windows
[2015.03.21-09.04.34:245][  0]LogDerivedDataCache:Display: Max Cache Size: 512 MB
[2015.03.21-09.04.34:277][  0]LogDerivedDataCache: Loaded boot cache 0.03s 39MB C:/Users/Doug/AppData/Local/UnrealEngine/4.7/DerivedDataCache/Boot.ddc.
[2015.03.21-09.04.34:277][  0]LogDerivedDataCache:Display: Loaded Boot cache: C:/Users/Doug/AppData/Local/UnrealEngine/4.7/DerivedDataCache/Boot.ddc
[2015.03.21-09.04.34:277][  0]LogDerivedDataCache: FDerivedDataBackendGraph:  Pak pak cache file ../../../../../../Users/Doug/Documents/Unreal Projects/Runner 4.7/DerivedDataCache/DDC.ddp not found, will not use a pak cache.
[2015.03.21-09.04.34:277][  0]LogDerivedDataCache: Unable to find inner node Pak for hierarchical cache Hierarchy.
[2015.03.21-09.04.34:368][  0]LogDerivedDataCache:Display: Pak cache opened for reading ../../../Engine/DerivedDataCache/Compressed.ddp.
[2015.03.21-09.04.34:380][  0]LogDerivedDataCache: Using Local data cache path C:/Users/Doug/AppData/Local/UnrealEngine/Common/DerivedDataCache: Writable
[2015.03.21-09.04.34:590][  0]LogMeshUtilities: No automatic mesh reduction module available
[2015.03.21-09.04.34:590][  0]LogMeshUtilities: No automatic mesh merging module available
[2015.03.21-09.04.34:858][  0]LogInit: WinSock: version 1.1 (2.2), MaxSocks=32767, MaxUdp=65467
[2015.03.21-09.04.34:915][  0]LogSlate:Warning: Failed to load font data from '../../../Engine/Content/Slate/Fonts/Roboto-Italic.ttf'
[2015.03.21-09.04.35:497][  0]UdpMessaging: Initializing bridge on interface 0.0.0.0:0 to multicast group 230.0.0.1:6666.
[2015.03.21-09.04.35:674][  0]SourceControl: Info Source control is disabled
[2015.03.21-09.04.35:674][  0]SourceControl: Info Source control is disabled
[2015.03.21-09.04.35:674][  0]SourceControl: Info Source control is disabled
[2015.03.21-09.04.35:674][  0]LogSourceControl: RunCommandInternalRaw: 'git version'
[2015.03.21-09.04.35:674][  0]LogSourceControl: RunCommandInternalRaw: ExecProcess ReturnCode=2 OutResults=''
[2015.03.21-09.04.35:681][  0]SourceControl: Info Source control is disabled
[2015.03.21-09.04.35:817][  0]LogObj: 24231 objects as part of root set at end of initial load.
[2015.03.21-09.04.35:817][  0]LogUObjectAllocator: 5136440 out of 0 bytes used by permanent object pool.
[2015.03.21-09.04.35:881][  0]LogEngine: Initializing Engine...
[2015.03.21-09.04.39:062][  0]LogInit: XAudio2 using 'Headphones (2- High Definition Audio Device)' : 2 channels at 44.1 kHz using 16 bits per sample (channel mask 0x3)
[2015.03.21-09.04.39:070][  0]LogInit: FAudioDevice initialized.
[2015.03.21-09.04.39:098][  0]LogAIModule: Creating AISystem for world NewWorld
[2015.03.21-09.04.39:116][  0]LogDerivedDataCache: Saved boot cache 0.02s 39MB C:/Users/Doug/AppData/Local/UnrealEngine/4.7/DerivedDataCache/Boot.ddc.
[2015.03.21-09.04.39:119][  0]LogInit: Texture streaming: Enabled
[2015.03.21-09.04.39:185][  0]LogAnalytics: Creating configured Analytics provider AnalyticsET
[2015.03.21-09.04.39:186][  0]LogAnalytics: ET APIKey = Rocket.Release. APIServer = http://et2.epicgames.com/ET2/. AppVersion = 4.7.3-2479750+++depot+UE4-Releases+4.7
[2015.03.21-09.04.39:186][  0]LogAnalytics: ET APIKey = Rocket.Release. DataRouterUploadURL = https://datarouter-public-service-gamedev.ol.epicgames.net/datarouter/api/v1/public/data. AppVersion = 4.7.3-2479750+++depot+UE4-Releases+4.7
[2015.03.21-09.04.39:186][  0]LogAnalytics: SetUserId 6e41ae404b198136f98586aac20a938f|e4588fc4b9c940e88bc871dae851160f|50fdd91c-8532-445f-ab5d-6dd9749cde8d
[2015.03.21-09.04.39:186][  0]LogAnalytics: AnalyticsET::StartSession [Rocket.Release]
[2015.03.21-09.04.39:206][  0]LogInit: Transaction tracking system initialized
[2015.03.21-09.04.39:332][  0]BlueprintLog: New page: Editor Load
[2015.03.21-09.04.39:361][  0]LogAssetRegistry: FAssetRegistry took 0.0106 seconds to start up
[2015.03.21-09.04.39:361][  0]LogDirectoryWatcher:Warning: Failed to begin reading directory changes for ../../../Engine/Plugins/Experimental/CharacterAI/Content/. Error: 0
[2015.03.21-09.04.39:768][  0]LogTargetPlatformManager:Display: Building Assets For Windows
[2015.03.21-09.04.40:044][  0]LogTargetPlatformManager:Display: Building Assets For Windows
[2015.03.21-09.04.40:238][  0]LogSlate:Warning: Failed to load font data from '../../../Engine/Content/Editor/Slate/Fonts/Roboto-Regular.ttf'
[2015.03.21-09.04.40:238][  0]LogSlate:Warning: Failed to load font data from '../../../Engine/Content/Editor/Slate/Fonts/Roboto-Bold.ttf'
[2015.03.21-09.04.40:242][  0]LogConsoleResponse:Display: 
[2015.03.21-09.04.40:333][  0]LogCook:Display: Done creating registry. It took  0.00s.
[2015.03.21-09.04.40:437][  0]SourceControl: Info Source control is disabled
[2015.03.21-09.04.40:437][  0]Cmd: MAP LOAD FILE="../../../../../../Users/Doug/Documents/Unreal Projects/Runner 4.7/Content/ThirdPersonBP/Maps/ThirdPersonExampleMap.umap" TEMPLATE=0 SHOWPROGRESS=1 FEATURELEVEL=3
[2015.03.21-09.04.40:438][  0]LightingResults: New page: Lighting Build
[2015.03.21-09.04.40:447][  0]MapCheck: New page: Map Check
[2015.03.21-09.04.40:447][  0]LightingResults: New page: Lighting Build
[2015.03.21-09.04.40:453][  0]LogParticles: Destroying 0 GPU particle simulations for FXSystem 0x000000E4F7306980
[2015.03.21-09.04.40:454][  0]LogLinker:Warning: Asset '../../../../../../Users/Doug/Documents/Unreal Projects/Runner 4.7/Content/ThirdPersonBP/Blueprints/ThirdPersonCharacter.uasset' has been saved with empty engine version. The asset will be loaded but may be incompatible.
[2015.03.21-09.04.40:455][  0]LogLinker:Warning: Asset '../../../../../../Users/Doug/Documents/Unreal Projects/Runner 4.7/Content/ThirdPersonBP/Blueprints/RunCharacter.uasset' has been saved with empty engine version. The asset will be loaded but may be incompatible.
[2015.03.21-09.04.40:459][  0]LogLinker:Warning: Asset '../../../Engine/Content/EngineMeshes/Humanoid.uasset' has been saved with empty engine version. The asset will be loaded but may be incompatible.
[2015.03.21-09.04.41:217][  0]LogLinker:Warning: Asset '../../../../../../Users/Doug/Documents/Unreal Projects/Runner 4.7/Content/ThirdPersonBP/Blueprints/ThirdPersonGameMode.uasset' has been saved with empty engine version. The asset will be loaded but may be incompatible.
[2015.03.21-09.04.41:217][  0]LogLinker:Warning: Asset '../../../../../../Users/Doug/Documents/Unreal Projects/Runner 4.7/Content/ThirdPersonBP/Blueprints/RunGameMode.uasset' has been saved with empty engine version. The asset will be loaded but may be incompatible.
[2015.03.21-09.04.41:218][  0]LogLinker:Warning: Asset '../../../../../../Users/Doug/Documents/Unreal Projects/Runner 4.7/Content/ThirdPersonBP/Blueprints/BP_FloorTile.uasset' has been saved with empty engine version. The asset will be loaded but may be incompatible.
[2015.03.21-09.04.41:220][  0]LogLinker:Warning: Asset '../../../../../../Users/Doug/Documents/Unreal Projects/Runner 4.7/Content/ThirdPersonBP/Blueprints/BP_Blocker.uasset' has been saved with empty engine version. The asset will be loaded but may be incompatible.
[2015.03.21-09.04.41:603][  0]LogEditorServer: Finished looking for orphan Actors (0.000 secs)
[2015.03.21-09.04.42:448][  0]LogAIModule: Creating AISystem for world ThirdPersonExampleMap
[2015.03.21-09.04.42:449][  0]Cmd: MAP CHECKDEP
[2015.03.21-09.04.42:449][  0]MapCheck: New page: ThirdPersonExampleMap - Mar 21, 2015, 1:04:42 AM
[2015.03.21-09.04.42:519][  0]MapCheck: Info Map check complete: 0 Error(s), 0 Warning(s), took 69.881ms to complete.
[2015.03.21-09.04.42:519][  0]LogFileHelpers: Loading map 'ThirdPersonExampleMap' took 2.082
[2015.03.21-09.04.42:633][  0]LogCollectionManager: Loaded 0 collections in 0.001450 seconds
[2015.03.21-09.04.42:642][  0]LogContentBrowser: Native class hierarchy populated in 0.0086 seconds. Added 1696 classes and 261 folders.
[2015.03.21-09.04.42:666][  0]LogContentBrowser: Native class hierarchy updated for 'SceneOutliner' in 0.0015 seconds. Added 1 classes and 2 folders.
[2015.03.21-09.04.42:702][  0]LogCrashTracker: Crashtracker disabled due to settings.
[2015.03.21-09.04.42:703][  0]LogSlate:Warning: Failed to load font data from 'Veranda'
[2015.03.21-09.04.42:707][  0]LogUObjectGlobals:Warning: Failed to find object 'Class None.'
[2015.03.21-09.04.42:732][  0]LogLoad: Full Startup: 12.61 seconds (BP compile: 0.41 seconds)
[2015.03.21-09.04.43:153][  0]LogContentBrowser:Verbose: The content browser source was changed by the sources view to '/Game/ThirdPersonBP/Blueprints'
[2015.03.21-09.04.43:246][  0]LogRenderer:Warning: Reallocating scene render targets to support 32x32 (Frame:2).
[2015.03.21-09.04.43:348][  1]LogRenderer:Warning: Reallocating scene render targets to support 888x376 (Frame:4).
[2015.03.21-09.04.44:899][  6]LogAssetRegistry: Asset discovery search completed in 5.5491 seconds
[2015.03.21-09.05.10:131][971]LogPlayLevel: PIE:  No blueprints needed recompiling
[2015.03.21-09.05.10:131][971]PIE: New page: PIE session: ThirdPersonExampleMap (Mar 21, 2015, 1:05:10 AM)
[2015.03.21-09.05.10:147][971]LogPlayLevel: PIE: StaticDuplicateObject took: (0.016210s)
[2015.03.21-09.05.10:148][971]LogPlayLevel: PIE: World Init took: (0.000762s)
[2015.03.21-09.05.10:148][971]LogPlayLevel: PIE: Created PIE world by copying editor world from /Game/ThirdPersonBP/Maps/ThirdPersonExampleMap.ThirdPersonExampleMap to /Game/ThirdPersonBP/Maps/UEDPIE_0_ThirdPersonExampleMap.ThirdPersonExampleMap (0.017228s)
[2015.03.21-09.05.10:198][971]LogWorld: Game class is 'RunGameMode_C'
[2015.03.21-09.05.10:199][971]LogAIModule: Creating AISystem for world ThirdPersonExampleMap
[2015.03.21-09.05.10:204][971]LogWorld: Bringing World /Game/ThirdPersonBP/Maps/UEDPIE_0_ThirdPersonExampleMap.ThirdPersonExampleMap up for play (max tick rate 0) at 2015.03.21-05.05.10
[2015.03.21-09.05.10:204][971]LogWorld: Bringing up level for play took: 0.004804
[2015.03.21-09.05.10:213][971]PIE: Info Play in editor start time for /Game/ThirdPersonBP/Maps/UEDPIE_0_ThirdPersonExampleMap -0.31
[2015.03.21-09.05.14:213][441]LogActorComponent: UnregisterComponent: (/Engine/Transient.CharMoveComp) Not registered. Aborting.
[2015.03.21-09.05.14:243][441]LogParticles: Destroying 0 GPU particle simulations for FXSystem 0x000000E4A36340E0
[2015.03.21-09.05.20:464][185]Cmd: SELECT NONE
[2015.03.21-09.05.24:347][651]LogEditorViewport: Clicking on Actor (LMB): StaticMeshActor (Floor)
[2015.03.21-09.05.25:192][749]LogEditorViewport: Clicking on Actor (LMB): StaticMeshActor (Floor)
[2015.03.21-09.05.25:586][794]LogEditorViewport: Clicking on Actor (LMB): RunCharacter_C (ThirdPersonCharacter)
[2015.03.21-09.05.27:416][996]LogPlayLevel: PIE:  No blueprints needed recompiling
[2015.03.21-09.05.27:417][996]PIE: New page: PIE session: ThirdPersonExampleMap (Mar 21, 2015, 1:05:27 AM)
[2015.03.21-09.05.27:431][996]LogPlayLevel: PIE: StaticDuplicateObject took: (0.014487s)
[2015.03.21-09.05.27:432][996]LogPlayLevel: PIE: World Init took: (0.000658s)
[2015.03.21-09.05.27:432][996]LogPlayLevel: PIE: Created PIE world by copying editor world from /Game/ThirdPersonBP/Maps/ThirdPersonExampleMap.ThirdPersonExampleMap to /Game/ThirdPersonBP/Maps/UEDPIE_0_ThirdPersonExampleMap.ThirdPersonExampleMap (0.015320s)
[2015.03.21-09.05.27:515][996]LogWorld: Game class is 'RunGameMode_C'
[2015.03.21-09.05.27:517][996]LogAIModule: Creating AISystem for world ThirdPersonExampleMap
[2015.03.21-09.05.27:525][996]LogWorld: Bringing World /Game/ThirdPersonBP/Maps/UEDPIE_0_ThirdPersonExampleMap.ThirdPersonExampleMap up for play (max tick rate 0) at 2015.03.21-05.05.27
[2015.03.21-09.05.27:526][996]LogWorld: Bringing up level for play took: 0.008077
[2015.03.21-09.05.27:537][996]PIE: Info Play in editor start time for /Game/ThirdPersonBP/Maps/UEDPIE_0_ThirdPersonExampleMap 1.013
[2015.03.21-09.05.28:519][100]LogParticles: Destroying 0 GPU particle simulations for FXSystem 0x000000E4EC46CB80
[2015.03.21-09.06.50:872][ 36]LogRenderer:Warning: Reallocating scene render targets to support 1320x576 (Frame:7434).
[2015.03.21-09.07.02:828][431]LogActorComponent: UnregisterComponent: (/Engine/Transient.CharMoveComp) Not registered. Aborting.
[2015.03.21-09.07.02:838][431]Cmd: MAP LOAD FILE="../../../../../../Users/Doug/Documents/Unreal Projects/Runner 4.7/Content/Nay.umap" TEMPLATE=0 SHOWPROGRESS=1 FEATURELEVEL=3
[2015.03.21-09.07.02:881][431]LightingResults: New page: Lighting Build
[2015.03.21-09.07.02:913][431]LoadErrors: New page: Loading map: Nay.umap
[2015.03.21-09.07.02:943][431]MapCheck: New page: Map Check
[2015.03.21-09.07.02:943][431]LightingResults: New page: Lighting Build
[2015.03.21-09.07.02:950][431]LogParticles: Destroying 0 GPU particle simulations for FXSystem 0x000000E4EE3A23E0
[2015.03.21-09.07.03:016][431]LogLinker:Warning: Asset '../../../../../../Users/Doug/Documents/Unreal Projects/Runner 4.7/Content/Nay.umap' has been saved with empty engine version. The asset will be loaded but may be incompatible.
[2015.03.21-09.07.03:039][431]LogEditorServer: Finished looking for orphan Actors (0.000 secs)
[2015.03.21-09.07.03:041][431]LogAIModule: Creating AISystem for world Nay
[2015.03.21-09.07.03:067][431]Cmd: MAP CHECKDEP
[2015.03.21-09.07.03:068][431]MapCheck: New page: Nay - Mar 21, 2015, 1:07:03 AM
[2015.03.21-09.07.03:139][431]MapCheck: Info Map check complete: 0 Error(s), 0 Warning(s), took 71.456ms to complete.
[2015.03.21-09.07.03:139][431]LogFileHelpers: Loading map 'Nay' took 0.302
[2015.03.21-09.07.03:612][487]Cmd: SELECT NONE
[2015.03.21-09.07.07:883][997]LogPlayLevel: PIE:  No blueprints needed recompiling
[2015.03.21-09.07.07:883][997]PIE: New page: PIE session: Nay (Mar 21, 2015, 1:07:07 AM)
[2015.03.21-09.07.07:884][997]LogPlayLevel: PIE: StaticDuplicateObject took: (0.000979s)
[2015.03.21-09.07.07:885][997]LogPlayLevel: PIE: World Init took: (0.000475s)
[2015.03.21-09.07.07:885][997]LogPlayLevel: PIE: Created PIE world by copying editor world from /Game/Nay.Nay to /Game/UEDPIE_0_Nay.Nay (0.001581s)
[2015.03.21-09.07.07:919][997]LogUObjectGlobals:Warning: Failed to find object 'Class /Game/ThirdPersonBP/Blueprints/ThirdPersonGameMode.ThirdPersonGameMode_C'
[2015.03.21-09.07.07:919][997]LogWorld: Game class is 'GameMode'
[2015.03.21-09.07.07:920][997]LogAIModule: Creating AISystem for world Nay
[2015.03.21-09.07.07:922][997]LogWorld: Bringing World /Game/UEDPIE_0_Nay.Nay up for play (max tick rate 0) at 2015.03.21-05.07.07
[2015.03.21-09.07.07:922][997]LogWorld: Bringing up level for play took: 0.001393
[2015.03.21-09.07.07:924][997]PIE: Info Play in editor start time for /Game/UEDPIE_0_Nay -0.6
[2015.03.21-09.07.09:925][232]LogActorComponent: UnregisterComponent: (/Engine/Transient.CharMoveComp) Not registered. Aborting.
[2015.03.21-09.07.09:932][232]LogParticles: Destroying 0 GPU particle simulations for FXSystem 0x000000E4EC86A5C0
[2015.03.21-09.07.11:021][361]LogEditorViewport: Clicking on Actor (LMB): PlayerStart (Player Start)
[2015.03.21-09.07.25:255][836]LogPlayLevel: PIE:  No blueprints needed recompiling
[2015.03.21-09.07.25:255][836]PIE: New page: PIE session: Nay (Mar 21, 2015, 1:07:25 AM)
[2015.03.21-09.07.25:256][836]LogPlayLevel: PIE: StaticDuplicateObject took: (0.000933s)
[2015.03.21-09.07.25:256][836]LogPlayLevel: PIE: World Init took: (0.000439s)
[2015.03.21-09.07.25:257][836]LogPlayLevel: PIE: Created PIE world by copying editor world from /Game/Nay.Nay to /Game/UEDPIE_0_Nay.Nay (0.001603s)
[2015.03.21-09.07.25:289][836]LogUObjectGlobals:Warning: Failed to find object 'Class /Game/ThirdPersonBP/Blueprints/ThirdPersonGameMode.ThirdPersonGameMode_C'
[2015.03.21-09.07.25:289][836]LogWorld: Game class is 'GameMode'
[2015.03.21-09.07.25:290][836]LogAIModule: Creating AISystem for world Nay
[2015.03.21-09.07.25:291][836]LogWorld: Bringing World /Game/UEDPIE_0_Nay.Nay up for play (max tick rate 0) at 2015.03.21-05.07.25
[2015.03.21-09.07.25:292][836]LogWorld: Bringing up level for play took: 0.001371
[2015.03.21-09.07.25:293][836]PIE: Info Play in editor start time for /Game/UEDPIE_0_Nay 0.769
[2015.03.21-09.07.30:622][469]LogActorComponent: UnregisterComponent: (/Engine/Transient.CharMoveComp) Not registered. Aborting.
[2015.03.21-09.07.30:643][469]LogParticles: Destroying 0 GPU particle simulations for FXSystem 0x000000E496304360
[2015.03.21-09.10.23:550][704]BlueprintLog: New page: Compile RunGameMode
[2015.03.21-09.10.23:599][704]LogActorComponent: UnregisterComponent: (/Engine/Transient.CharMoveComp) Not registered. Aborting.
[2015.03.21-09.10.23:625][704]BlueprintEditorCompileResults: Info [0353.50] Compile of RunGameMode successful! [in 74 ms]
[2015.03.21-09.10.25:204][873]BlueprintLog: New page: Pre-PIE auto-recompile
[2015.03.21-09.10.25:209][873]LogPlayLevel: [PIE] Compiling BP_FloorTile before PIE...
[2015.03.21-09.10.25:276][873]LogPlayLevel: [PIE] Compiling RunGameMode before PIE...
[2015.03.21-09.10.25:342][873]LogPlayLevel: PIE:  Blueprint regeneration took 138 ms (2 blueprints)
[2015.03.21-09.10.25:342][873]PIE: New page: PIE session: Nay (Mar 21, 2015, 1:10:25 AM)
[2015.03.21-09.10.25:344][873]LogPlayLevel: PIE: StaticDuplicateObject took: (0.001042s)
[2015.03.21-09.10.25:344][873]LogPlayLevel: PIE: World Init took: (0.000491s)
[2015.03.21-09.10.25:344][873]LogPlayLevel: PIE: Created PIE world by copying editor world from /Game/Nay.Nay to /Game/UEDPIE_0_Nay.Nay (0.001661s)
[2015.03.21-09.10.25:381][873]LogUObjectGlobals:Warning: Failed to find object 'Class /Game/ThirdPersonBP/Blueprints/ThirdPersonGameMode.ThirdPersonGameMode_C'
[2015.03.21-09.10.25:381][873]LogWorld: Game class is 'GameMode'
[2015.03.21-09.10.25:382][873]LogAIModule: Creating AISystem for world Nay
[2015.03.21-09.10.25:384][873]LogWorld: Bringing World /Game/UEDPIE_0_Nay.Nay up for play (max tick rate 0) at 2015.03.21-05.10.25
[2015.03.21-09.10.25:384][873]LogWorld: Bringing up level for play took: 0.001383
[2015.03.21-09.10.25:386][873]PIE: Info Play in editor start time for /Game/UEDPIE_0_Nay 0.862
[2015.03.21-09.10.27:725][146]LogParticles: Destroying 0 GPU particle simulations for FXSystem 0x000000E4A7D23740
[2015.03.21-09.10.30:316][440]BlueprintLog: New page: Pre-PIE auto-recompile
[2015.03.21-09.10.30:321][440]LogPlayLevel: [PIE] Compiling BP_FloorTile before PIE...
[2015.03.21-09.10.30:386][440]LogPlayLevel: [PIE] Compiling RunGameMode before PIE...
[2015.03.21-09.10.30:455][440]LogPlayLevel: PIE:  Blueprint regeneration took 139 ms (2 blueprints)
[2015.03.21-09.10.30:455][440]PIE: New page: PIE session: Nay (Mar 21, 2015, 1:10:30 AM)
[2015.03.21-09.10.30:456][440]LogPlayLevel: PIE: StaticDuplicateObject took: (0.000994s)
[2015.03.21-09.10.30:457][440]LogPlayLevel: PIE: World Init took: (0.000453s)
[2015.03.21-09.10.30:457][440]LogPlayLevel: PIE: Created PIE world by copying editor world from /Game/Nay.Nay to /Game/UEDPIE_0_Nay.Nay (0.001607s)
[2015.03.21-09.10.30:488][440]LogUObjectGlobals:Warning: Failed to find object 'Class /Game/ThirdPersonBP/Blueprints/ThirdPersonGameMode.ThirdPersonGameMode_C'
[2015.03.21-09.10.30:488][440]LogWorld: Game class is 'GameMode'
[2015.03.21-09.10.30:489][440]LogAIModule: Creating AISystem for world Nay
[2015.03.21-09.10.30:490][440]LogWorld: Bringing World /Game/UEDPIE_0_Nay.Nay up for play (max tick rate 0) at 2015.03.21-05.10.30
[2015.03.21-09.10.30:491][440]LogWorld: Bringing up level for play took: 0.001328
[2015.03.21-09.10.30:492][440]PIE: Info Play in editor start time for /Game/UEDPIE_0_Nay -0.032
[2015.03.21-09.10.31:245][522]LogParticles: Destroying 0 GPU particle simulations for FXSystem 0x000000E4A7D2D800
[2015.03.21-09.11.42:580][239]BlueprintLog: New page: Compile Nay
[2015.03.21-09.11.42:605][239]LogActorComponent: UnregisterComponent: (/Engine/Transient.CharMoveComp) Not registered. Aborting.
[2015.03.21-09.11.42:622][239]BlueprintEditorCompileResults: Info [0432.50] Compile of Nay successful! [in 42 ms]
[2015.03.21-09.11.43:776][371]BlueprintLog: New page: Pre-PIE auto-recompile
[2015.03.21-09.11.43:781][371]LogPlayLevel: [PIE] Compiling BP_FloorTile before PIE...
[2015.03.21-09.11.43:847][371]LogPlayLevel: [PIE] Compiling RunGameMode before PIE...
[2015.03.21-09.11.43:914][371]LogPlayLevel: PIE:  Blueprint regeneration took 138 ms (2 blueprints)
[2015.03.21-09.11.43:914][371]PIE: New page: PIE session: Nay (Mar 21, 2015, 1:11:43 AM)
[2015.03.21-09.11.43:917][371]LogPlayLevel: PIE: StaticDuplicateObject took: (0.002144s)
[2015.03.21-09.11.43:917][371]LogPlayLevel: PIE: World Init took: (0.000533s)
[2015.03.21-09.11.43:917][371]LogPlayLevel: PIE: Created PIE world by copying editor world from /Game/Nay.Nay to /Game/UEDPIE_0_Nay.Nay (0.002824s)
[2015.03.21-09.11.43:948][371]LogUObjectGlobals:Warning: Failed to find object 'Class /Game/ThirdPersonBP/Blueprints/ThirdPersonGameMode.ThirdPersonGameMode_C'
[2015.03.21-09.11.43:948][371]LogWorld: Game class is 'GameMode'
[2015.03.21-09.11.43:949][371]LogAIModule: Creating AISystem for world Nay
[2015.03.21-09.11.43:951][371]LogWorld: Bringing World /Game/UEDPIE_0_Nay.Nay up for play (max tick rate 0) at 2015.03.21-05.11.43
[2015.03.21-09.11.43:951][371]LogWorld: Bringing up level for play took: 0.001490
[2015.03.21-09.11.43:960][371]PIE: Info Play in editor start time for /Game/UEDPIE_0_Nay -0.564
[2015.03.21-09.11.43:966][371]LogRenderer:Warning: Reallocating scene render targets to support 1320x760 (Frame:18743).
[2015.03.21-09.11.46:575][670]LogParticles: Destroying 0 GPU particle simulations for FXSystem 0x000000E493C33EC0
[2015.03.21-09.12.23:558][357]LogSlate:Warning: Prevented a slow task dialog from being summoned while a context menu was open
[2015.03.21-09.12.25:446][568]Cmd: UpdateLandscapeSetup
[2015.03.21-09.12.26:565][700]BlueprintLog: New page: Pre-PIE auto-recompile
[2015.03.21-09.12.26:570][700]LogPlayLevel: [PIE] Compiling BP_FloorTile before PIE...
[2015.03.21-09.12.26:637][700]LogPlayLevel: [PIE] Compiling RunGameMode before PIE...
[2015.03.21-09.12.26:704][700]LogPlayLevel: PIE:  Blueprint regeneration took 139 ms (2 blueprints)
[2015.03.21-09.12.26:705][700]PIE: New page: PIE session: Nay (Mar 21, 2015, 1:12:26 AM)
[2015.03.21-09.12.26:707][700]LogPlayLevel: PIE: StaticDuplicateObject took: (0.002041s)
[2015.03.21-09.12.26:707][700]LogPlayLevel: PIE: World Init took: (0.000485s)
[2015.03.21-09.12.26:707][700]LogPlayLevel: PIE: Created PIE world by copying editor world from /Game/Nay.Nay to /Game/UEDPIE_0_Nay.Nay (0.002648s)
[2015.03.21-09.12.26:740][700]LogWorld: Game class is 'RunGameMode_C'
[2015.03.21-09.12.26:742][700]LogAIModule: Creating AISystem for world Nay
[2015.03.21-09.12.26:743][700]LogWorld: Bringing World /Game/UEDPIE_0_Nay.Nay up for play (max tick rate 0) at 2015.03.21-05.12.26
[2015.03.21-09.12.26:743][700]LogWorld: Bringing up level for play took: 0.001378
[2015.03.21-09.12.26:750][700]PIE: Info Play in editor start time for /Game/UEDPIE_0_Nay 0.226
[2015.03.21-09.12.34:735][646]LogParticles: Destroying 0 GPU particle simulations for FXSystem 0x000000E493DA1E40
[2015.03.21-09.12.54:638][923]LogRenderer:Warning: Reallocating scene render targets to support 1320x904 (Frame:22056).
[2015.03.21-09.13.04:158][ 34]LogRenderer:Warning: Reallocating scene render targets to support 1432x928 (Frame:25092).
[2015.03.21-09.13.26:885][615]Cmd: OBJ SAVEPACKAGE PACKAGE="/Game/StarterContent/Props/SM_Rock" FILE="../../../../../../Users/Doug/Documents/Unreal Projects/Runner 4.7/Content/StarterContent/Props/SM_Rock.uasset" SILENT=true
[2015.03.21-09.13.27:097][615]LogSavePackage: Save=206.141342ms
[2015.03.21-09.13.27:097][615]LogSavePackage: Moving '../../../../../../Users/Doug/Documents/Unreal Projects/Runner 4.7/Saved/SM_RockE276CB444883C1D011F251B9FFA0004C.tmp' to '../../../../../../Users/Doug/Documents/Unreal Projects/Runner 4.7/Content/StarterContent/Props/SM_Rock.uasset'
[2015.03.21-09.13.41:232][284]LogEditorViewport: Clicking on Actor (LMB): BP_Sky_Sphere_C (Sky Sphere)
[2015.03.21-09.13.41:966][369]BlueprintLog: New page: Pre-PIE auto-recompile
[2015.03.21-09.13.41:967][369]LogActorComponent: UnregisterComponent: (/Engine/Transient.CharMoveComp) Not registered. Aborting.
[2015.03.21-09.13.41:972][369]LogPlayLevel: [PIE] Compiling BP_FloorTile before PIE...
[2015.03.21-09.13.42:040][369]LogPlayLevel: [PIE] Compiling RunGameMode before PIE...
[2015.03.21-09.13.42:104][369]LogParticles: Destroying 0 GPU particle simulations for FXSystem 0x000000E4EE2BCA40
[2015.03.21-09.13.42:107][369]LogPlayLevel: PIE:  Blueprint regeneration took 140 ms (2 blueprints)
[2015.03.21-09.13.42:107][369]PIE: New page: PIE session: Nay (Mar 21, 2015, 1:13:42 AM)
[2015.03.21-09.13.42:110][369]LogPlayLevel: PIE: StaticDuplicateObject took: (0.002036s)
[2015.03.21-09.13.42:110][369]LogPlayLevel: PIE: World Init took: (0.000494s)
[2015.03.21-09.13.42:110][369]LogPlayLevel: PIE: Created PIE world by copying editor world from /Game/Nay.Nay to /Game/UEDPIE_0_Nay.Nay (0.002676s)
[2015.03.21-09.13.42:141][369]LogWorld: Game class is 'RunGameMode_C'
[2015.03.21-09.13.42:143][369]LogAIModule: Creating AISystem for world Nay
[2015.03.21-09.13.42:144][369]LogWorld: Bringing World /Game/UEDPIE_0_Nay.Nay up for play (max tick rate 0) at 2015.03.21-05.13.42
[2015.03.21-09.13.42:144][369]LogWorld: Bringing up level for play took: 0.001388
[2015.03.21-09.13.42:152][369]PIE: Info Play in editor start time for /Game/UEDPIE_0_Nay -0.372
[2015.03.21-09.13.42:519][411]LogAudio:Warning: Detected orphaned looping sound 'Fire01'.
[2015.03.21-09.13.42:519][411]LogAudio:Warning: Detected orphaned looping sound 'Fire01'.
[2015.03.21-09.13.43:751][548]LogParticles: Destroying 0 GPU particle simulations for FXSystem 0x000000E4925F6FC0
[2015.03.21-09.13.45:203][719]BlueprintLog: New page: Pre-PIE auto-recompile
[2015.03.21-09.13.45:208][719]LogPlayLevel: [PIE] Compiling BP_FloorTile before PIE...
[2015.03.21-09.13.45:275][719]LogPlayLevel: [PIE] Compiling RunGameMode before PIE...
[2015.03.21-09.13.45:342][719]LogPlayLevel: PIE:  Blueprint regeneration took 139 ms (2 blueprints)
[2015.03.21-09.13.45:342][719]PIE: New page: PIE session: Nay (Mar 21, 2015, 1:13:45 AM)
[2015.03.21-09.13.45:345][719]LogPlayLevel: PIE: StaticDuplicateObject took: (0.001970s)
[2015.03.21-09.13.45:345][719]LogPlayLevel: PIE: World Init took: (0.000502s)
[2015.03.21-09.13.45:345][719]LogPlayLevel: PIE: Created PIE world by copying editor world from /Game/Nay.Nay to /Game/UEDPIE_0_Nay.Nay (0.002618s)
[2015.03.21-09.13.45:381][719]LogWorld: Game class is 'RunGameMode_C'
[2015.03.21-09.13.45:383][719]LogAIModule: Creating AISystem for world Nay
[2015.03.21-09.13.45:384][719]LogWorld: Bringing World /Game/UEDPIE_0_Nay.Nay up for play (max tick rate 0) at 2015.03.21-05.13.45
[2015.03.21-09.13.45:385][719]LogWorld: Bringing up level for play took: 0.001352
[2015.03.21-09.13.45:392][719]PIE: Info Play in editor start time for /Game/UEDPIE_0_Nay 0.868
[2015.03.21-09.13.45:755][761]LogAudio:Warning: Detected orphaned looping sound 'Fire01'.
[2015.03.21-09.13.45:755][761]LogAudio:Warning: Detected orphaned looping sound 'Fire01'.
[2015.03.21-09.13.46:447][837]LogParticles: Destroying 0 GPU particle simulations for FXSystem 0x000000E493C31940
[2015.03.21-09.13.59:105][327]LogSourceControl: RunCommandInternalRaw: 'git version'
[2015.03.21-09.13.59:106][327]LogSourceControl: RunCommandInternalRaw: ExecProcess ReturnCode=2 OutResults=''
[2015.03.21-09.14.01:144][566]LogSourceControl: RunCommandInternalRaw: 'git version'
[2015.03.21-09.14.01:144][566]LogSourceControl: RunCommandInternalRaw: ExecProcess ReturnCode=2 OutResults=''
[2015.03.21-09.14.01:144][566]LogSourceControl: RunCommandInternalRaw: 'git version'
[2015.03.21-09.14.01:144][566]LogSourceControl: RunCommandInternalRaw: ExecProcess ReturnCode=2 OutResults=''
[2015.03.21-09.14.01:219][575]SourceControl:Error: Error Failed to connect to source control. Check your settings and connection then try again.
[2015.03.21-09.15.45:299][389]SourceControl:Error: Error Failed to connect to source control. Check your settings and connection then try again.
[2015.03.21-09.15.47:346][600]SourceControl:Error: Error Failed to connect to source control. Check your settings and connection then try again.
[2015.03.21-09.15.54:920][396]LogSourceControl: RunCommandInternalRaw: 'git version'
[2015.03.21-09.15.54:926][396]LogSourceControl: RunCommandInternalRaw: ExecProcess ReturnCode=0 OutResults='git version 1.9.5.msysgit.1
'
[2015.03.21-09.15.54:926][396]LogSourceControl: RunCommandInternalRaw: 'git version'
[2015.03.21-09.15.54:931][396]LogSourceControl: RunCommandInternalRaw: ExecProcess ReturnCode=0 OutResults='git version 1.9.5.msysgit.1
'
[2015.03.21-09.16.12:274][606]LogSourceControl: RunCommandInternalRaw: 'git version'
[2015.03.21-09.16.12:279][606]LogSourceControl: RunCommandInternalRaw: ExecProcess ReturnCode=0 OutResults='git version 1.9.5.msysgit.1
'
[2015.03.21-09.16.12:279][606]LogSourceControl: RunCommandInternalRaw: 'git version'
[2015.03.21-09.16.12:284][606]LogSourceControl: RunCommandInternalRaw: ExecProcess ReturnCode=0 OutResults='git version 1.9.5.msysgit.1
'
[2015.03.21-09.16.13:066][700]SourceControl: Info Source control is disabled
[2015.03.21-09.16.18:339][307]LogSourceControl: RunCommandInternalRaw: 'git version'
[2015.03.21-09.16.18:345][307]LogSourceControl: RunCommandInternalRaw: ExecProcess ReturnCode=0 OutResults='git version 1.9.5.msysgit.1
'
[2015.03.21-09.16.18:966][378]SourceControl:Error: Error You should check out a working copy into your project directory.
[2015.03.21-09.16.18:966][378]SourceControl:Error: Error Project is not part of a Git working copy.
[2015.03.21-09.17.28:021][787]LogActorComponent: UnregisterComponent: (/Engine/Transient.CharMoveComp) Not registered. Aborting.
[2015.03.21-09.17.28:088][787]Cmd: OBJ SAVEPACKAGE PACKAGE="/Game/Nay" FILE="../../../../../../Users/Doug/Documents/Unreal Projects/Runner 4.7/Saved/Autosaves/Game/Nay_Auto1.umap" SILENT=true AUTOSAVING=true KEEPDIRTY=false
[2015.03.21-09.17.28:140][787]LogSavePackage: Save=46.044086ms
[2015.03.21-09.17.28:140][787]LogSavePackage: Moving '../../../../../../Users/Doug/Documents/Unreal Projects/Runner 4.7/Saved/Nay_Auto1F344B633479342D277A9B599F147D22C.tmp' to '../../../../../../Users/Doug/Documents/Unreal Projects/Runner 4.7/Saved/Autosaves/Game/Nay_Auto1.umap'
[2015.03.21-09.17.28:146][787]LogFileHelpers: Editor autosave (incl. sublevels) for '/Game/Nay' took 0.125
[2015.03.21-09.17.28:146][787]LogFileHelpers: Editor autosave (incl. sublevels) for all levels took 0.125
[2015.03.21-09.17.28:180][787]OBJ SavePackage: Generating thumbnails for [0] asset(s) in package [/Game/ThirdPersonBP/Blueprints/RunGameMode] ([1] browsable assets)...
[2015.03.21-09.17.28:180][787]OBJ SavePackage: Finished generating thumbnails for package [/Game/ThirdPersonBP/Blueprints/RunGameMode]
[2015.03.21-09.17.28:298][787]LogSavePackage: Save=99.790077ms
[2015.03.21-09.17.28:299][787]LogSavePackage: Moving '../../../../../../Users/Doug/Documents/Unreal Projects/Runner 4.7/Saved/RunGameMode_Auto1449B1BDD4765867C401571BE99EC1B19.tmp' to '../../../../../../Users/Doug/Documents/Unreal Projects/Runner 4.7/Saved/Autosaves/Game/ThirdPersonBP/Blueprints/RunGameMode_Auto1.uasset'
[2015.03.21-09.17.28:304][787]LogFileHelpers: Auto-saving content packages took 0.158
[2015.03.21-09.17.50:364][ 93]SourceControl: Info Source control is disabled
[2015.03.21-09.17.59:501][158]LogSourceControl: RunCommandInternalRaw: 'git version'
[2015.03.21-09.17.59:506][158]